<?xml version="1.0" encoding="UTF-8"?>
<coverage generated="1610949187624" clover="3.2.0">
  <project timestamp="1610949187624" name="All files">
    <metrics statements="133" coveredstatements="117" conditionals="62" coveredconditionals="58" methods="68" coveredmethods="51" elements="263" coveredelements="226" complexity="0" loc="133" ncloc="133" packages="5" files="16" classes="16"/>
    <package name="actions">
      <metrics statements="16" coveredstatements="16" conditionals="7" coveredconditionals="6" methods="8" coveredmethods="8"/>
      <file name="expenses.js" path="D:\repos\react-course\expensify-app\src\actions\expenses.js">
        <metrics statements="6" coveredstatements="6" conditionals="6" coveredconditionals="5" methods="3" coveredmethods="3"/>
        <line num="3" count="3" type="cond" truecount="1" falsecount="0"/>
        <line num="7" count="2" type="cond" truecount="1" falsecount="0"/>
        <line num="18" count="3" type="cond" truecount="0" falsecount="1"/>
        <line num="19" count="1" type="stmt"/>
        <line num="24" count="3" type="stmt"/>
        <line num="25" count="1" type="stmt"/>
      </file>
      <file name="filters.js" path="D:\repos\react-course\expensify-app\src\actions\filters.js">
        <metrics statements="10" coveredstatements="10" conditionals="1" coveredconditionals="1" methods="5" coveredmethods="5"/>
        <line num="3" count="4" type="cond" truecount="1" falsecount="0"/>
        <line num="4" count="2" type="stmt"/>
        <line num="11" count="4" type="stmt"/>
        <line num="12" count="1" type="stmt"/>
        <line num="18" count="4" type="stmt"/>
        <line num="19" count="1" type="stmt"/>
        <line num="25" count="4" type="stmt"/>
        <line num="26" count="1" type="stmt"/>
        <line num="33" count="4" type="stmt"/>
        <line num="34" count="1" type="stmt"/>
      </file>
    </package>
    <package name="components">
      <metrics statements="87" coveredstatements="72" conditionals="26" coveredconditionals="24" methods="53" coveredmethods="36"/>
      <file name="AddExpensePage.js" path="D:\repos\react-course\expensify-app\src\components\AddExpensePage.js">
        <metrics statements="6" coveredstatements="5" conditionals="0" coveredconditionals="0" methods="4" coveredmethods="2"/>
        <line num="8" count="2" type="stmt"/>
        <line num="9" count="1" type="stmt"/>
        <line num="10" count="1" type="stmt"/>
        <line num="14" count="2" type="stmt"/>
        <line num="24" count="1" type="stmt"/>
        <line num="25" count="0" type="stmt"/>
      </file>
      <file name="EditExpensePage.js" path="D:\repos\react-course\expensify-app\src\components\EditExpensePage.js">
        <metrics statements="14" coveredstatements="9" conditionals="0" coveredconditionals="0" methods="8" coveredmethods="3"/>
        <line num="8" count="3" type="stmt"/>
        <line num="9" count="1" type="stmt"/>
        <line num="10" count="1" type="stmt"/>
        <line num="13" count="3" type="stmt"/>
        <line num="14" count="1" type="stmt"/>
        <line num="15" count="1" type="stmt"/>
        <line num="19" count="3" type="stmt"/>
        <line num="29" count="1" type="stmt"/>
        <line num="31" count="0" type="stmt"/>
        <line num="32" count="0" type="stmt"/>
        <line num="36" count="1" type="stmt"/>
        <line num="37" count="0" type="stmt"/>
        <line num="38" count="0" type="stmt"/>
        <line num="39" count="0" type="stmt"/>
      </file>
      <file name="ExpenseDashboardPage.js" path="D:\repos\react-course\expensify-app\src\components\ExpenseDashboardPage.js">
        <metrics statements="2" coveredstatements="2" conditionals="0" coveredconditionals="0" methods="1" coveredmethods="1"/>
        <line num="5" count="1" type="stmt"/>
        <line num="7" count="1" type="stmt"/>
      </file>
      <file name="ExpenseForm.js" path="D:\repos\react-course\expensify-app\src\components\ExpenseForm.js">
        <metrics statements="29" coveredstatements="28" conditionals="20" coveredconditionals="19" methods="20" coveredmethods="19"/>
        <line num="10" count="10" type="stmt"/>
        <line num="12" count="10" type="stmt"/>
        <line num="21" count="10" type="stmt"/>
        <line num="22" count="1" type="stmt"/>
        <line num="23" count="1" type="stmt"/>
        <line num="25" count="10" type="stmt"/>
        <line num="26" count="1" type="stmt"/>
        <line num="27" count="1" type="stmt"/>
        <line num="29" count="10" type="stmt"/>
        <line num="30" count="2" type="stmt"/>
        <line num="31" count="2" type="cond" truecount="4" falsecount="0"/>
        <line num="32" count="1" type="stmt"/>
        <line num="35" count="10" type="stmt"/>
        <line num="36" count="1" type="cond" truecount="1" falsecount="1"/>
        <line num="37" count="1" type="stmt"/>
        <line num="39" count="10" type="stmt"/>
        <line num="40" count="2" type="stmt"/>
        <line num="42" count="10" type="stmt"/>
        <line num="43" count="2" type="stmt"/>
        <line num="45" count="2" type="cond" truecount="4" falsecount="0"/>
        <line num="46" count="1" type="stmt"/>
        <line num="49" count="1" type="stmt"/>
        <line num="50" count="1" type="stmt"/>
        <line num="61" count="18" type="stmt"/>
        <line num="64" count="2" type="stmt"/>
        <line num="70" count="1" type="stmt"/>
        <line num="76" count="2" type="stmt"/>
        <line num="85" count="0" type="stmt"/>
        <line num="89" count="1" type="stmt"/>
      </file>
      <file name="ExpenseList.js" path="D:\repos\react-course\expensify-app\src\components\ExpenseList.js">
        <metrics statements="6" coveredstatements="4" conditionals="2" coveredconditionals="2" methods="3" coveredmethods="2"/>
        <line num="6" count="2" type="stmt"/>
        <line num="7" count="2" type="stmt"/>
        <line num="13" count="3" type="stmt"/>
        <line num="21" count="2" type="stmt"/>
        <line num="22" count="0" type="stmt"/>
        <line num="23" count="0" type="stmt"/>
      </file>
      <file name="ExpenseListFilters.js" path="D:\repos\react-course\expensify-app\src\components\ExpenseListFilters.js">
        <metrics statements="23" coveredstatements="17" conditionals="4" coveredconditionals="3" methods="14" coveredmethods="6"/>
        <line num="6" count="7" type="stmt"/>
        <line num="10" count="7" type="stmt"/>
        <line num="11" count="1" type="stmt"/>
        <line num="12" count="1" type="stmt"/>
        <line num="15" count="7" type="stmt"/>
        <line num="16" count="1" type="stmt"/>
        <line num="19" count="7" type="stmt"/>
        <line num="20" count="1" type="stmt"/>
        <line num="21" count="1" type="stmt"/>
        <line num="24" count="7" type="stmt"/>
        <line num="25" count="2" type="cond" truecount="2" falsecount="0"/>
        <line num="26" count="1" type="stmt"/>
        <line num="27" count="1" type="cond" truecount="1" falsecount="1"/>
        <line num="28" count="1" type="stmt"/>
        <line num="33" count="10" type="stmt"/>
        <line num="55" count="0" type="stmt"/>
        <line num="62" count="2" type="stmt"/>
        <line num="66" count="2" type="stmt"/>
        <line num="67" count="0" type="stmt"/>
        <line num="68" count="0" type="stmt"/>
        <line num="69" count="0" type="stmt"/>
        <line num="70" count="0" type="stmt"/>
        <line num="71" count="0" type="stmt"/>
      </file>
      <file name="ExpenseListItem.js" path="D:\repos\react-course\expensify-app\src\components\ExpenseListItem.js">
        <metrics statements="2" coveredstatements="2" conditionals="0" coveredconditionals="0" methods="1" coveredmethods="1"/>
        <line num="4" count="3" type="stmt"/>
        <line num="5" count="1" type="stmt"/>
      </file>
      <file name="Header.js" path="D:\repos\react-course\expensify-app\src\components\Header.js">
        <metrics statements="2" coveredstatements="2" conditionals="0" coveredconditionals="0" methods="1" coveredmethods="1"/>
        <line num="5" count="1" type="stmt"/>
        <line num="6" count="1" type="stmt"/>
      </file>
      <file name="NotFoundPage.js" path="D:\repos\react-course\expensify-app\src\components\NotFoundPage.js">
        <metrics statements="3" coveredstatements="3" conditionals="0" coveredconditionals="0" methods="1" coveredmethods="1"/>
        <line num="3" count="1" type="stmt"/>
        <line num="5" count="1" type="stmt"/>
        <line num="7" count="1" type="stmt"/>
      </file>
    </package>
    <package name="reducers">
      <metrics statements="17" coveredstatements="17" conditionals="14" coveredconditionals="14" methods="4" coveredmethods="4"/>
      <file name="expenses.js" path="D:\repos\react-course\expensify-app\src\reducers\expenses.js">
        <metrics statements="9" coveredstatements="9" conditionals="7" coveredconditionals="7" methods="3" coveredmethods="3"/>
        <line num="1" count="1" type="stmt"/>
        <line num="4" count="6" type="cond" truecount="4" falsecount="0"/>
        <line num="6" count="1" type="stmt"/>
        <line num="11" count="6" type="stmt"/>
        <line num="13" count="2" type="stmt"/>
        <line num="14" count="6" type="cond" truecount="2" falsecount="0"/>
        <line num="15" count="1" type="stmt"/>
        <line num="20" count="5" type="stmt"/>
        <line num="24" count="1" type="stmt"/>
      </file>
      <file name="filters.js" path="D:\repos\react-course\expensify-app\src\reducers\filters.js">
        <metrics statements="8" coveredstatements="8" conditionals="7" coveredconditionals="7" methods="1" coveredmethods="1"/>
        <line num="3" count="1" type="stmt"/>
        <line num="12" count="6" type="cond" truecount="6" falsecount="0"/>
        <line num="15" count="1" type="stmt"/>
        <line num="20" count="1" type="stmt"/>
        <line num="25" count="1" type="stmt"/>
        <line num="30" count="1" type="stmt"/>
        <line num="35" count="1" type="stmt"/>
        <line num="40" count="1" type="stmt"/>
      </file>
    </package>
    <package name="selectors">
      <metrics statements="11" coveredstatements="10" conditionals="15" coveredconditionals="14" methods="3" coveredmethods="3"/>
      <file name="expenses.js" path="D:\repos\react-course\expensify-app\src\selectors\expenses.js">
        <metrics statements="11" coveredstatements="10" conditionals="15" coveredconditionals="14" methods="3" coveredmethods="3"/>
        <line num="5" count="5" type="stmt"/>
        <line num="6" count="15" type="stmt"/>
        <line num="7" count="15" type="cond" truecount="2" falsecount="0"/>
        <line num="8" count="15" type="cond" truecount="2" falsecount="0"/>
        <line num="9" count="15" type="stmt"/>
        <line num="10" count="15" type="cond" truecount="3" falsecount="0"/>
        <line num="12" count="10" type="cond" truecount="2" falsecount="0"/>
        <line num="13" count="6" type="cond" truecount="2" falsecount="0"/>
        <line num="16" count="4" type="cond" truecount="1" falsecount="1"/>
        <line num="17" count="4" type="cond" truecount="2" falsecount="0"/>
        <line num="20" count="0" type="stmt"/>
      </file>
    </package>
    <package name="tests.fixtures">
      <metrics statements="2" coveredstatements="2" conditionals="0" coveredconditionals="0" methods="0" coveredmethods="0"/>
      <file name="expenses.js" path="D:\repos\react-course\expensify-app\src\tests\fixtures\expenses.js">
        <metrics statements="0" coveredstatements="0" conditionals="0" coveredconditionals="0" methods="0" coveredmethods="0"/>
      </file>
      <file name="filters.js" path="D:\repos\react-course\expensify-app\src\tests\fixtures\filters.js">
        <metrics statements="2" coveredstatements="2" conditionals="0" coveredconditionals="0" methods="0" coveredmethods="0"/>
        <line num="3" count="1" type="stmt"/>
        <line num="10" count="1" type="stmt"/>
      </file>
    </package>
  </project>
</coverage>
