{"D:\\repos\\react-course\\expensify-app\\src\\actions\\expenses.js": {"path":"D:\\repos\\react-course\\expensify-app\\src\\actions\\expenses.js","statementMap":{"0":{"start":{"line":3,"column":26},"end":{"line":16,"column":6}},"1":{"start":{"line":7,"column":26},"end":{"line":16,"column":5}},"2":{"start":{"line":18,"column":29},"end":{"line":22,"column":2}},"3":{"start":{"line":19,"column":1},"end":{"line":22,"column":1}},"4":{"start":{"line":24,"column":27},"end":{"line":29,"column":2}},"5":{"start":{"line":25,"column":1},"end":{"line":29,"column":1}}},"fnMap":{"0":{"name":"(anonymous_0)","decl":{"start":{"line":3,"column":26},"end":{"line":3,"column":27}},"loc":{"start":{"line":7,"column":26},"end":{"line":16,"column":5}},"line":7},"1":{"name":"(anonymous_1)","decl":{"start":{"line":18,"column":29},"end":{"line":18,"column":30}},"loc":{"start":{"line":19,"column":1},"end":{"line":22,"column":1}},"line":19},"2":{"name":"(anonymous_2)","decl":{"start":{"line":24,"column":27},"end":{"line":24,"column":28}},"loc":{"start":{"line":25,"column":1},"end":{"line":29,"column":1}},"line":25}},"branchMap":{"0":{"loc":{"start":{"line":3,"column":27},"end":{"line":7,"column":20}},"type":"default-arg","locations":[{"start":{"line":7,"column":18},"end":{"line":7,"column":20}}],"line":3},"1":{"loc":{"start":{"line":4,"column":4},"end":{"line":4,"column":14}},"type":"default-arg","locations":[{"start":{"line":4,"column":13},"end":{"line":4,"column":14}}],"line":4},"2":{"loc":{"start":{"line":5,"column":4},"end":{"line":5,"column":17}},"type":"default-arg","locations":[{"start":{"line":5,"column":16},"end":{"line":5,"column":17}}],"line":5},"3":{"loc":{"start":{"line":6,"column":4},"end":{"line":6,"column":20}},"type":"default-arg","locations":[{"start":{"line":6,"column":18},"end":{"line":6,"column":20}}],"line":6},"4":{"loc":{"start":{"line":7,"column":4},"end":{"line":7,"column":13}},"type":"default-arg","locations":[{"start":{"line":7,"column":11},"end":{"line":7,"column":13}}],"line":7},"5":{"loc":{"start":{"line":18,"column":30},"end":{"line":18,"column":41}},"type":"default-arg","locations":[{"start":{"line":18,"column":39},"end":{"line":18,"column":41}}],"line":18}},"s":{"0":3,"1":2,"2":3,"3":1,"4":3,"5":1},"f":{"0":2,"1":1,"2":1},"b":{"0":[1],"1":[1],"2":[1],"3":[1],"4":[1],"5":[0]},"_coverageSchema":"1a1c01bbd47fc00a2c39e90264f33305004495a9","hash":"01994ad346c196ce5cfabd30b2d2d3d933df048a"}
,"D:\\repos\\react-course\\expensify-app\\src\\actions\\filters.js": {"path":"D:\\repos\\react-course\\expensify-app\\src\\actions\\filters.js","statementMap":{"0":{"start":{"line":3,"column":29},"end":{"line":8,"column":1}},"1":{"start":{"line":4,"column":4},"end":{"line":7,"column":6}},"2":{"start":{"line":11,"column":28},"end":{"line":15,"column":1}},"3":{"start":{"line":12,"column":4},"end":{"line":14,"column":6}},"4":{"start":{"line":18,"column":26},"end":{"line":22,"column":1}},"5":{"start":{"line":19,"column":4},"end":{"line":21,"column":6}},"6":{"start":{"line":25,"column":28},"end":{"line":30,"column":1}},"7":{"start":{"line":26,"column":4},"end":{"line":29,"column":6}},"8":{"start":{"line":33,"column":26},"end":{"line":38,"column":1}},"9":{"start":{"line":34,"column":4},"end":{"line":37,"column":6}}},"fnMap":{"0":{"name":"(anonymous_0)","decl":{"start":{"line":3,"column":29},"end":{"line":3,"column":30}},"loc":{"start":{"line":3,"column":44},"end":{"line":8,"column":1}},"line":3},"1":{"name":"(anonymous_1)","decl":{"start":{"line":11,"column":28},"end":{"line":11,"column":29}},"loc":{"start":{"line":11,"column":34},"end":{"line":15,"column":1}},"line":11},"2":{"name":"(anonymous_2)","decl":{"start":{"line":18,"column":26},"end":{"line":18,"column":27}},"loc":{"start":{"line":18,"column":32},"end":{"line":22,"column":1}},"line":18},"3":{"name":"(anonymous_3)","decl":{"start":{"line":25,"column":28},"end":{"line":25,"column":29}},"loc":{"start":{"line":25,"column":43},"end":{"line":30,"column":1}},"line":25},"4":{"name":"(anonymous_4)","decl":{"start":{"line":33,"column":26},"end":{"line":33,"column":27}},"loc":{"start":{"line":33,"column":39},"end":{"line":38,"column":1}},"line":33}},"branchMap":{"0":{"loc":{"start":{"line":3,"column":30},"end":{"line":3,"column":39}},"type":"default-arg","locations":[{"start":{"line":3,"column":37},"end":{"line":3,"column":39}}],"line":3}},"s":{"0":4,"1":2,"2":4,"3":1,"4":4,"5":1,"6":4,"7":1,"8":4,"9":1},"f":{"0":2,"1":1,"2":1,"3":1,"4":1},"b":{"0":[1]},"_coverageSchema":"1a1c01bbd47fc00a2c39e90264f33305004495a9","hash":"a89f9ebd4e4c89ac96f4c12ebdf211034e0250cd"}
,"D:\\repos\\react-course\\expensify-app\\src\\components\\AddExpensePage.js": {"path":"D:\\repos\\react-course\\expensify-app\\src\\components\\AddExpensePage.js","statementMap":{"0":{"start":{"line":8,"column":15},"end":{"line":11,"column":5}},"1":{"start":{"line":9,"column":8},"end":{"line":9,"column":39}},"2":{"start":{"line":10,"column":8},"end":{"line":10,"column":37}},"3":{"start":{"line":14,"column":8},"end":{"line":20,"column":9}},"4":{"start":{"line":24,"column":27},"end":{"line":26,"column":1}},"5":{"start":{"line":25,"column":4},"end":{"line":25,"column":59}},"6":{"start":{"line":25,"column":39},"end":{"line":25,"column":56}}},"fnMap":{"0":{"name":"(anonymous_0)","decl":{"start":{"line":8,"column":15},"end":{"line":8,"column":16}},"loc":{"start":{"line":8,"column":28},"end":{"line":11,"column":5}},"line":8},"1":{"name":"(anonymous_1)","decl":{"start":{"line":13,"column":4},"end":{"line":13,"column":5}},"loc":{"start":{"line":13,"column":13},"end":{"line":21,"column":5}},"line":13},"2":{"name":"(anonymous_2)","decl":{"start":{"line":24,"column":27},"end":{"line":24,"column":28}},"loc":{"start":{"line":24,"column":41},"end":{"line":26,"column":1}},"line":24},"3":{"name":"(anonymous_3)","decl":{"start":{"line":25,"column":26},"end":{"line":25,"column":27}},"loc":{"start":{"line":25,"column":39},"end":{"line":25,"column":56}},"line":25}},"branchMap":{},"s":{"0":2,"1":1,"2":1,"3":2,"4":1,"5":0,"6":0},"f":{"0":1,"1":2,"2":0,"3":0},"b":{},"_coverageSchema":"1a1c01bbd47fc00a2c39e90264f33305004495a9","hash":"1b210e1bc1dc508e326623a0b305418182a3e3cc"}
,"D:\\repos\\react-course\\expensify-app\\src\\components\\EditExpensePage.js": {"path":"D:\\repos\\react-course\\expensify-app\\src\\components\\EditExpensePage.js","statementMap":{"0":{"start":{"line":8,"column":15},"end":{"line":11,"column":5}},"1":{"start":{"line":9,"column":8},"end":{"line":9,"column":68}},"2":{"start":{"line":10,"column":8},"end":{"line":10,"column":37}},"3":{"start":{"line":13,"column":15},"end":{"line":16,"column":5}},"4":{"start":{"line":14,"column":8},"end":{"line":14,"column":68}},"5":{"start":{"line":15,"column":8},"end":{"line":15,"column":37}},"6":{"start":{"line":19,"column":8},"end":{"line":24,"column":9}},"7":{"start":{"line":29,"column":24},"end":{"line":34,"column":1}},"8":{"start":{"line":31,"column":4},"end":{"line":33,"column":5}},"9":{"start":{"line":32,"column":48},"end":{"line":32,"column":84}},"10":{"start":{"line":36,"column":27},"end":{"line":41,"column":1}},"11":{"start":{"line":37,"column":4},"end":{"line":40,"column":6}},"12":{"start":{"line":38,"column":38},"end":{"line":38,"column":72}},"13":{"start":{"line":39,"column":32},"end":{"line":39,"column":60}}},"fnMap":{"0":{"name":"(anonymous_0)","decl":{"start":{"line":8,"column":15},"end":{"line":8,"column":16}},"loc":{"start":{"line":8,"column":28},"end":{"line":11,"column":5}},"line":8},"1":{"name":"(anonymous_1)","decl":{"start":{"line":13,"column":15},"end":{"line":13,"column":16}},"loc":{"start":{"line":13,"column":21},"end":{"line":16,"column":5}},"line":13},"2":{"name":"(anonymous_2)","decl":{"start":{"line":18,"column":4},"end":{"line":18,"column":5}},"loc":{"start":{"line":18,"column":13},"end":{"line":25,"column":5}},"line":18},"3":{"name":"(anonymous_3)","decl":{"start":{"line":29,"column":24},"end":{"line":29,"column":25}},"loc":{"start":{"line":29,"column":42},"end":{"line":34,"column":1}},"line":29},"4":{"name":"(anonymous_4)","decl":{"start":{"line":32,"column":37},"end":{"line":32,"column":38}},"loc":{"start":{"line":32,"column":48},"end":{"line":32,"column":84}},"line":32},"5":{"name":"(anonymous_5)","decl":{"start":{"line":36,"column":27},"end":{"line":36,"column":28}},"loc":{"start":{"line":36,"column":48},"end":{"line":41,"column":1}},"line":36},"6":{"name":"(anonymous_6)","decl":{"start":{"line":38,"column":21},"end":{"line":38,"column":22}},"loc":{"start":{"line":38,"column":38},"end":{"line":38,"column":72}},"line":38},"7":{"name":"(anonymous_7)","decl":{"start":{"line":39,"column":23},"end":{"line":39,"column":24}},"loc":{"start":{"line":39,"column":32},"end":{"line":39,"column":60}},"line":39}},"branchMap":{},"s":{"0":3,"1":1,"2":1,"3":3,"4":1,"5":1,"6":3,"7":1,"8":0,"9":0,"10":1,"11":0,"12":0,"13":0},"f":{"0":1,"1":1,"2":3,"3":0,"4":0,"5":0,"6":0,"7":0},"b":{},"_coverageSchema":"1a1c01bbd47fc00a2c39e90264f33305004495a9","hash":"8f497d9a442fc4770847b3710394ee467d18bc94"}
,"D:\\repos\\react-course\\expensify-app\\src\\components\\ExpenseDashboardPage.js": {"path":"D:\\repos\\react-course\\expensify-app\\src\\components\\ExpenseDashboardPage.js","statementMap":{"0":{"start":{"line":5,"column":29},"end":{"line":11,"column":1}},"1":{"start":{"line":7,"column":4},"end":{"line":10,"column":10}}},"fnMap":{"0":{"name":"(anonymous_0)","decl":{"start":{"line":5,"column":29},"end":{"line":5,"column":30}},"loc":{"start":{"line":7,"column":4},"end":{"line":10,"column":10}},"line":7}},"branchMap":{},"s":{"0":1,"1":1},"f":{"0":1},"b":{},"_coverageSchema":"1a1c01bbd47fc00a2c39e90264f33305004495a9","hash":"dbc1fe71b70e4051411476551eef62950464298c"}
,"D:\\repos\\react-course\\expensify-app\\src\\components\\ExpenseForm.js": {"path":"D:\\repos\\react-course\\expensify-app\\src\\components\\ExpenseForm.js","statementMap":{"0":{"start":{"line":10,"column":8},"end":{"line":10,"column":21}},"1":{"start":{"line":12,"column":8},"end":{"line":19,"column":9}},"2":{"start":{"line":21,"column":26},"end":{"line":24,"column":5}},"3":{"start":{"line":22,"column":28},"end":{"line":22,"column":42}},"4":{"start":{"line":23,"column":8},"end":{"line":23,"column":47}},"5":{"start":{"line":23,"column":29},"end":{"line":23,"column":44}},"6":{"start":{"line":25,"column":19},"end":{"line":28,"column":5}},"7":{"start":{"line":26,"column":21},"end":{"line":26,"column":35}},"8":{"start":{"line":27,"column":8},"end":{"line":27,"column":39}},"9":{"start":{"line":27,"column":29},"end":{"line":27,"column":37}},"10":{"start":{"line":29,"column":21},"end":{"line":34,"column":5}},"11":{"start":{"line":30,"column":23},"end":{"line":30,"column":37}},"12":{"start":{"line":31,"column":8},"end":{"line":33,"column":9}},"13":{"start":{"line":32,"column":12},"end":{"line":32,"column":46}},"14":{"start":{"line":32,"column":33},"end":{"line":32,"column":43}},"15":{"start":{"line":35,"column":19},"end":{"line":38,"column":5}},"16":{"start":{"line":36,"column":8},"end":{"line":37,"column":49}},"17":{"start":{"line":37,"column":12},"end":{"line":37,"column":49}},"18":{"start":{"line":37,"column":33},"end":{"line":37,"column":46}},"19":{"start":{"line":39,"column":20},"end":{"line":41,"column":5}},"20":{"start":{"line":40,"column":8},"end":{"line":40,"column":59}},"21":{"start":{"line":40,"column":29},"end":{"line":40,"column":57}},"22":{"start":{"line":42,"column":15},"end":{"line":57,"column":5}},"23":{"start":{"line":43,"column":8},"end":{"line":43,"column":27}},"24":{"start":{"line":45,"column":8},"end":{"line":56,"column":9}},"25":{"start":{"line":46,"column":12},"end":{"line":46,"column":78}},"26":{"start":{"line":46,"column":33},"end":{"line":46,"column":76}},"27":{"start":{"line":49,"column":12},"end":{"line":49,"column":48}},"28":{"start":{"line":49,"column":33},"end":{"line":49,"column":46}},"29":{"start":{"line":50,"column":12},"end":{"line":55,"column":14}},"30":{"start":{"line":61,"column":8},"end":{"line":95,"column":9}},"31":{"start":{"line":64,"column":39},"end":{"line":64,"column":55}},"32":{"start":{"line":70,"column":41},"end":{"line":70,"column":68}},"33":{"start":{"line":76,"column":41},"end":{"line":76,"column":63}},"34":{"start":{"line":85,"column":46},"end":{"line":85,"column":51}},"35":{"start":{"line":89,"column":41},"end":{"line":89,"column":61}}},"fnMap":{"0":{"name":"(anonymous_0)","decl":{"start":{"line":9,"column":4},"end":{"line":9,"column":5}},"loc":{"start":{"line":9,"column":23},"end":{"line":20,"column":5}},"line":9},"1":{"name":"(anonymous_1)","decl":{"start":{"line":21,"column":26},"end":{"line":21,"column":27}},"loc":{"start":{"line":21,"column":33},"end":{"line":24,"column":5}},"line":21},"2":{"name":"(anonymous_2)","decl":{"start":{"line":23,"column":22},"end":{"line":23,"column":23}},"loc":{"start":{"line":23,"column":29},"end":{"line":23,"column":44}},"line":23},"3":{"name":"(anonymous_3)","decl":{"start":{"line":25,"column":19},"end":{"line":25,"column":20}},"loc":{"start":{"line":25,"column":26},"end":{"line":28,"column":5}},"line":25},"4":{"name":"(anonymous_4)","decl":{"start":{"line":27,"column":22},"end":{"line":27,"column":23}},"loc":{"start":{"line":27,"column":29},"end":{"line":27,"column":37}},"line":27},"5":{"name":"(anonymous_5)","decl":{"start":{"line":29,"column":21},"end":{"line":29,"column":22}},"loc":{"start":{"line":29,"column":28},"end":{"line":34,"column":5}},"line":29},"6":{"name":"(anonymous_6)","decl":{"start":{"line":32,"column":26},"end":{"line":32,"column":27}},"loc":{"start":{"line":32,"column":33},"end":{"line":32,"column":43}},"line":32},"7":{"name":"(anonymous_7)","decl":{"start":{"line":35,"column":19},"end":{"line":35,"column":20}},"loc":{"start":{"line":35,"column":34},"end":{"line":38,"column":5}},"line":35},"8":{"name":"(anonymous_8)","decl":{"start":{"line":37,"column":26},"end":{"line":37,"column":27}},"loc":{"start":{"line":37,"column":33},"end":{"line":37,"column":46}},"line":37},"9":{"name":"(anonymous_9)","decl":{"start":{"line":39,"column":20},"end":{"line":39,"column":21}},"loc":{"start":{"line":39,"column":37},"end":{"line":41,"column":5}},"line":39},"10":{"name":"(anonymous_10)","decl":{"start":{"line":40,"column":22},"end":{"line":40,"column":23}},"loc":{"start":{"line":40,"column":29},"end":{"line":40,"column":57}},"line":40},"11":{"name":"(anonymous_11)","decl":{"start":{"line":42,"column":15},"end":{"line":42,"column":16}},"loc":{"start":{"line":42,"column":22},"end":{"line":57,"column":5}},"line":42},"12":{"name":"(anonymous_12)","decl":{"start":{"line":46,"column":26},"end":{"line":46,"column":27}},"loc":{"start":{"line":46,"column":33},"end":{"line":46,"column":76}},"line":46},"13":{"name":"(anonymous_13)","decl":{"start":{"line":49,"column":26},"end":{"line":49,"column":27}},"loc":{"start":{"line":49,"column":33},"end":{"line":49,"column":46}},"line":49},"14":{"name":"(anonymous_14)","decl":{"start":{"line":59,"column":4},"end":{"line":59,"column":5}},"loc":{"start":{"line":59,"column":13},"end":{"line":96,"column":5}},"line":59},"15":{"name":"(anonymous_15)","decl":{"start":{"line":64,"column":32},"end":{"line":64,"column":33}},"loc":{"start":{"line":64,"column":39},"end":{"line":64,"column":55}},"line":64},"16":{"name":"(anonymous_16)","decl":{"start":{"line":70,"column":34},"end":{"line":70,"column":35}},"loc":{"start":{"line":70,"column":41},"end":{"line":70,"column":68}},"line":70},"17":{"name":"(anonymous_17)","decl":{"start":{"line":76,"column":34},"end":{"line":76,"column":35}},"loc":{"start":{"line":76,"column":41},"end":{"line":76,"column":63}},"line":76},"18":{"name":"(anonymous_18)","decl":{"start":{"line":85,"column":40},"end":{"line":85,"column":41}},"loc":{"start":{"line":85,"column":46},"end":{"line":85,"column":51}},"line":85},"19":{"name":"(anonymous_19)","decl":{"start":{"line":89,"column":34},"end":{"line":89,"column":35}},"loc":{"start":{"line":89,"column":41},"end":{"line":89,"column":61}},"line":89}},"branchMap":{"0":{"loc":{"start":{"line":13,"column":25},"end":{"line":13,"column":71}},"type":"cond-expr","locations":[{"start":{"line":13,"column":41},"end":{"line":13,"column":66}},{"start":{"line":13,"column":69},"end":{"line":13,"column":71}}],"line":13},"1":{"loc":{"start":{"line":14,"column":18},"end":{"line":14,"column":57}},"type":"cond-expr","locations":[{"start":{"line":14,"column":34},"end":{"line":14,"column":52}},{"start":{"line":14,"column":55},"end":{"line":14,"column":57}}],"line":14},"2":{"loc":{"start":{"line":15,"column":20},"end":{"line":15,"column":80}},"type":"cond-expr","locations":[{"start":{"line":15,"column":36},"end":{"line":15,"column":75}},{"start":{"line":15,"column":78},"end":{"line":15,"column":80}}],"line":15},"3":{"loc":{"start":{"line":16,"column":23},"end":{"line":16,"column":81}},"type":"cond-expr","locations":[{"start":{"line":16,"column":39},"end":{"line":16,"column":70}},{"start":{"line":16,"column":73},"end":{"line":16,"column":81}}],"line":16},"4":{"loc":{"start":{"line":31,"column":8},"end":{"line":33,"column":9}},"type":"if","locations":[{"start":{"line":31,"column":8},"end":{"line":33,"column":9}},{"start":{"line":31,"column":8},"end":{"line":33,"column":9}}],"line":31},"5":{"loc":{"start":{"line":31,"column":12},"end":{"line":31,"column":58}},"type":"binary-expr","locations":[{"start":{"line":31,"column":12},"end":{"line":31,"column":19}},{"start":{"line":31,"column":23},"end":{"line":31,"column":58}}],"line":31},"6":{"loc":{"start":{"line":36,"column":8},"end":{"line":37,"column":49}},"type":"if","locations":[{"start":{"line":36,"column":8},"end":{"line":37,"column":49}},{"start":{"line":36,"column":8},"end":{"line":37,"column":49}}],"line":36},"7":{"loc":{"start":{"line":45,"column":8},"end":{"line":56,"column":9}},"type":"if","locations":[{"start":{"line":45,"column":8},"end":{"line":56,"column":9}},{"start":{"line":45,"column":8},"end":{"line":56,"column":9}}],"line":45},"8":{"loc":{"start":{"line":45,"column":12},"end":{"line":45,"column":57}},"type":"binary-expr","locations":[{"start":{"line":45,"column":12},"end":{"line":45,"column":35}},{"start":{"line":45,"column":39},"end":{"line":45,"column":57}}],"line":45},"9":{"loc":{"start":{"line":63,"column":17},"end":{"line":63,"column":62}},"type":"binary-expr","locations":[{"start":{"line":63,"column":17},"end":{"line":63,"column":33}},{"start":{"line":63,"column":37},"end":{"line":63,"column":62}}],"line":63}},"s":{"0":10,"1":10,"2":10,"3":1,"4":1,"5":1,"6":10,"7":1,"8":1,"9":1,"10":10,"11":2,"12":2,"13":1,"14":1,"15":10,"16":1,"17":1,"18":1,"19":10,"20":2,"21":2,"22":10,"23":2,"24":2,"25":1,"26":1,"27":1,"28":1,"29":1,"30":18,"31":2,"32":1,"33":2,"34":0,"35":1},"f":{"0":10,"1":1,"2":1,"3":1,"4":1,"5":2,"6":1,"7":1,"8":1,"9":2,"10":2,"11":2,"12":1,"13":1,"14":18,"15":2,"16":1,"17":2,"18":0,"19":1},"b":{"0":[2,8],"1":[2,8],"2":[2,8],"3":[2,8],"4":[1,1],"5":[2,2],"6":[1,0],"7":[1,1],"8":[2,1],"9":[18,1]},"_coverageSchema":"1a1c01bbd47fc00a2c39e90264f33305004495a9","hash":"92b0915d89dafaee64c2f9e3c804aed815d9d6c5"}
,"D:\\repos\\react-course\\expensify-app\\src\\components\\ExpenseList.js": {"path":"D:\\repos\\react-course\\expensify-app\\src\\components\\ExpenseList.js","statementMap":{"0":{"start":{"line":6,"column":27},"end":{"line":19,"column":1}},"1":{"start":{"line":7,"column":4},"end":{"line":18,"column":10}},"2":{"start":{"line":13,"column":24},"end":{"line":13,"column":99}},"3":{"start":{"line":21,"column":24},"end":{"line":27,"column":1}},"4":{"start":{"line":22,"column":4},"end":{"line":22,"column":55}},"5":{"start":{"line":23,"column":4},"end":{"line":26,"column":6}}},"fnMap":{"0":{"name":"(anonymous_0)","decl":{"start":{"line":6,"column":27},"end":{"line":6,"column":28}},"loc":{"start":{"line":7,"column":4},"end":{"line":18,"column":10}},"line":7},"1":{"name":"(anonymous_1)","decl":{"start":{"line":12,"column":39},"end":{"line":12,"column":40}},"loc":{"start":{"line":13,"column":24},"end":{"line":13,"column":99}},"line":13},"2":{"name":"(anonymous_2)","decl":{"start":{"line":21,"column":24},"end":{"line":21,"column":25}},"loc":{"start":{"line":21,"column":35},"end":{"line":27,"column":1}},"line":21}},"branchMap":{"0":{"loc":{"start":{"line":9,"column":12},"end":{"line":16,"column":17}},"type":"cond-expr","locations":[{"start":{"line":10,"column":16},"end":{"line":10,"column":34}},{"start":{"line":12,"column":20},"end":{"line":14,"column":21}}],"line":9}},"s":{"0":2,"1":2,"2":3,"3":2,"4":0,"5":0},"f":{"0":2,"1":3,"2":0},"b":{"0":[1,1]},"_coverageSchema":"1a1c01bbd47fc00a2c39e90264f33305004495a9","hash":"193dd4c948d7eef762c21b44d337f50678b68d48"}
,"D:\\repos\\react-course\\expensify-app\\src\\components\\ExpenseListFilters.js": {"path":"D:\\repos\\react-course\\expensify-app\\src\\components\\ExpenseListFilters.js","statementMap":{"0":{"start":{"line":6,"column":12},"end":{"line":8,"column":5}},"1":{"start":{"line":10,"column":20},"end":{"line":13,"column":5}},"2":{"start":{"line":11,"column":8},"end":{"line":11,"column":43}},"3":{"start":{"line":12,"column":8},"end":{"line":12,"column":39}},"4":{"start":{"line":15,"column":20},"end":{"line":17,"column":5}},"5":{"start":{"line":16,"column":8},"end":{"line":16,"column":51}},"6":{"start":{"line":16,"column":29},"end":{"line":16,"column":48}},"7":{"start":{"line":19,"column":19},"end":{"line":22,"column":5}},"8":{"start":{"line":20,"column":8},"end":{"line":20,"column":46}},"9":{"start":{"line":21,"column":8},"end":{"line":21,"column":49}},"10":{"start":{"line":24,"column":19},"end":{"line":30,"column":5}},"11":{"start":{"line":25,"column":8},"end":{"line":29,"column":9}},"12":{"start":{"line":26,"column":12},"end":{"line":26,"column":36}},"13":{"start":{"line":27,"column":15},"end":{"line":29,"column":9}},"14":{"start":{"line":28,"column":12},"end":{"line":28,"column":38}},"15":{"start":{"line":33,"column":8},"end":{"line":58,"column":10}},"16":{"start":{"line":55,"column":42},"end":{"line":55,"column":47}},"17":{"start":{"line":62,"column":24},"end":{"line":64,"column":2}},"18":{"start":{"line":62,"column":36},"end":{"line":64,"column":1}},"19":{"start":{"line":66,"column":27},"end":{"line":72,"column":2}},"20":{"start":{"line":66,"column":42},"end":{"line":72,"column":1}},"21":{"start":{"line":67,"column":29},"end":{"line":67,"column":58}},"22":{"start":{"line":68,"column":22},"end":{"line":68,"column":44}},"23":{"start":{"line":69,"column":24},"end":{"line":69,"column":48}},"24":{"start":{"line":70,"column":33},"end":{"line":70,"column":66}},"25":{"start":{"line":71,"column":29},"end":{"line":71,"column":58}}},"fnMap":{"0":{"name":"(anonymous_0)","decl":{"start":{"line":10,"column":20},"end":{"line":10,"column":21}},"loc":{"start":{"line":10,"column":48},"end":{"line":13,"column":5}},"line":10},"1":{"name":"(anonymous_1)","decl":{"start":{"line":15,"column":20},"end":{"line":15,"column":21}},"loc":{"start":{"line":15,"column":41},"end":{"line":17,"column":5}},"line":15},"2":{"name":"(anonymous_2)","decl":{"start":{"line":16,"column":22},"end":{"line":16,"column":23}},"loc":{"start":{"line":16,"column":29},"end":{"line":16,"column":48}},"line":16},"3":{"name":"(anonymous_3)","decl":{"start":{"line":19,"column":19},"end":{"line":19,"column":20}},"loc":{"start":{"line":19,"column":26},"end":{"line":22,"column":5}},"line":19},"4":{"name":"(anonymous_4)","decl":{"start":{"line":24,"column":19},"end":{"line":24,"column":20}},"loc":{"start":{"line":24,"column":26},"end":{"line":30,"column":5}},"line":24},"5":{"name":"(anonymous_5)","decl":{"start":{"line":32,"column":4},"end":{"line":32,"column":5}},"loc":{"start":{"line":32,"column":13},"end":{"line":59,"column":5}},"line":32},"6":{"name":"(anonymous_6)","decl":{"start":{"line":55,"column":36},"end":{"line":55,"column":37}},"loc":{"start":{"line":55,"column":42},"end":{"line":55,"column":47}},"line":55},"7":{"name":"(anonymous_7)","decl":{"start":{"line":62,"column":24},"end":{"line":62,"column":25}},"loc":{"start":{"line":62,"column":36},"end":{"line":64,"column":1}},"line":62},"8":{"name":"(anonymous_8)","decl":{"start":{"line":66,"column":27},"end":{"line":66,"column":28}},"loc":{"start":{"line":66,"column":42},"end":{"line":72,"column":1}},"line":66},"9":{"name":"(anonymous_9)","decl":{"start":{"line":67,"column":19},"end":{"line":67,"column":20}},"loc":{"start":{"line":67,"column":29},"end":{"line":67,"column":58}},"line":67},"10":{"name":"(anonymous_10)","decl":{"start":{"line":68,"column":16},"end":{"line":68,"column":17}},"loc":{"start":{"line":68,"column":22},"end":{"line":68,"column":44}},"line":68},"11":{"name":"(anonymous_11)","decl":{"start":{"line":69,"column":18},"end":{"line":69,"column":19}},"loc":{"start":{"line":69,"column":24},"end":{"line":69,"column":48}},"line":69},"12":{"name":"(anonymous_12)","decl":{"start":{"line":70,"column":18},"end":{"line":70,"column":19}},"loc":{"start":{"line":70,"column":33},"end":{"line":70,"column":66}},"line":70},"13":{"name":"(anonymous_13)","decl":{"start":{"line":71,"column":16},"end":{"line":71,"column":17}},"loc":{"start":{"line":71,"column":29},"end":{"line":71,"column":58}},"line":71}},"branchMap":{"0":{"loc":{"start":{"line":25,"column":8},"end":{"line":29,"column":9}},"type":"if","locations":[{"start":{"line":25,"column":8},"end":{"line":29,"column":9}},{"start":{"line":25,"column":8},"end":{"line":29,"column":9}}],"line":25},"1":{"loc":{"start":{"line":27,"column":15},"end":{"line":29,"column":9}},"type":"if","locations":[{"start":{"line":27,"column":15},"end":{"line":29,"column":9}},{"start":{"line":27,"column":15},"end":{"line":29,"column":9}}],"line":27}},"s":{"0":7,"1":7,"2":1,"3":1,"4":7,"5":1,"6":1,"7":7,"8":1,"9":1,"10":7,"11":2,"12":1,"13":1,"14":1,"15":10,"16":0,"17":2,"18":0,"19":2,"20":0,"21":0,"22":0,"23":0,"24":0,"25":0},"f":{"0":1,"1":1,"2":1,"3":1,"4":2,"5":10,"6":0,"7":0,"8":0,"9":0,"10":0,"11":0,"12":0,"13":0},"b":{"0":[1,1],"1":[1,0]},"_coverageSchema":"1a1c01bbd47fc00a2c39e90264f33305004495a9","hash":"bd795b47b940d8e906bd984ecf35509fcf61ff12"}
,"D:\\repos\\react-course\\expensify-app\\src\\components\\ExpenseListItem.js": {"path":"D:\\repos\\react-course\\expensify-app\\src\\components\\ExpenseListItem.js","statementMap":{"0":{"start":{"line":4,"column":24},"end":{"line":9,"column":1}},"1":{"start":{"line":5,"column":4},"end":{"line":8,"column":10}}},"fnMap":{"0":{"name":"(anonymous_0)","decl":{"start":{"line":4,"column":24},"end":{"line":4,"column":25}},"loc":{"start":{"line":5,"column":4},"end":{"line":8,"column":10}},"line":5}},"branchMap":{},"s":{"0":3,"1":1},"f":{"0":1},"b":{},"_coverageSchema":"1a1c01bbd47fc00a2c39e90264f33305004495a9","hash":"427f3837227d55887b3054eaf71559172835592e"}
,"D:\\repos\\react-course\\expensify-app\\src\\components\\Header.js": {"path":"D:\\repos\\react-course\\expensify-app\\src\\components\\Header.js","statementMap":{"0":{"start":{"line":5,"column":15},"end":{"line":11,"column":1}},"1":{"start":{"line":6,"column":4},"end":{"line":10,"column":13}}},"fnMap":{"0":{"name":"(anonymous_0)","decl":{"start":{"line":5,"column":15},"end":{"line":5,"column":16}},"loc":{"start":{"line":6,"column":4},"end":{"line":10,"column":13}},"line":6}},"branchMap":{},"s":{"0":1,"1":1},"f":{"0":1},"b":{},"_coverageSchema":"1a1c01bbd47fc00a2c39e90264f33305004495a9","hash":"736b1094fd6a3deb5f442790832773a69c31cd75"}
,"D:\\repos\\react-course\\expensify-app\\src\\components\\NotFoundPage.js": {"path":"D:\\repos\\react-course\\expensify-app\\src\\components\\NotFoundPage.js","statementMap":{"0":{"start":{"line":3,"column":21},"end":{"line":11,"column":2}},"1":{"start":{"line":5,"column":4},"end":{"line":5,"column":22}},"2":{"start":{"line":7,"column":4},"end":{"line":11,"column":1}}},"fnMap":{"0":{"name":"(anonymous_0)","decl":{"start":{"line":3,"column":21},"end":{"line":3,"column":22}},"loc":{"start":{"line":3,"column":32},"end":{"line":11,"column":2}},"line":3}},"branchMap":{},"s":{"0":1,"1":1,"2":1},"f":{"0":1},"b":{},"_coverageSchema":"1a1c01bbd47fc00a2c39e90264f33305004495a9","hash":"c08f60939e48dd7030bbc4b5ab03e9c7b8cfa49b"}
,"D:\\repos\\react-course\\expensify-app\\src\\reducers\\expenses.js": {"path":"D:\\repos\\react-course\\expensify-app\\src\\reducers\\expenses.js","statementMap":{"0":{"start":{"line":1,"column":36},"end":{"line":1,"column":38}},"1":{"start":{"line":4,"column":4},"end":{"line":25,"column":5}},"2":{"start":{"line":6,"column":12},"end":{"line":9,"column":14}},"3":{"start":{"line":11,"column":12},"end":{"line":11,"column":59}},"4":{"start":{"line":11,"column":38},"end":{"line":11,"column":57}},"5":{"start":{"line":13,"column":12},"end":{"line":22,"column":15}},"6":{"start":{"line":14,"column":16},"end":{"line":21,"column":17}},"7":{"start":{"line":15,"column":20},"end":{"line":18,"column":21}},"8":{"start":{"line":20,"column":20},"end":{"line":20,"column":35}},"9":{"start":{"line":24,"column":12},"end":{"line":24,"column":25}}},"fnMap":{"0":{"name":"(anonymous_0)","decl":{"start":{"line":3,"column":15},"end":{"line":3,"column":16}},"loc":{"start":{"line":3,"column":64},"end":{"line":26,"column":1}},"line":3},"1":{"name":"(anonymous_1)","decl":{"start":{"line":11,"column":32},"end":{"line":11,"column":33}},"loc":{"start":{"line":11,"column":38},"end":{"line":11,"column":57}},"line":11},"2":{"name":"(anonymous_2)","decl":{"start":{"line":13,"column":29},"end":{"line":13,"column":30}},"loc":{"start":{"line":13,"column":40},"end":{"line":22,"column":13}},"line":13}},"branchMap":{"0":{"loc":{"start":{"line":3,"column":16},"end":{"line":3,"column":51}},"type":"default-arg","locations":[{"start":{"line":3,"column":24},"end":{"line":3,"column":51}}],"line":3},"1":{"loc":{"start":{"line":4,"column":4},"end":{"line":25,"column":5}},"type":"switch","locations":[{"start":{"line":5,"column":8},"end":{"line":9,"column":14}},{"start":{"line":10,"column":8},"end":{"line":11,"column":59}},{"start":{"line":12,"column":8},"end":{"line":22,"column":15}},{"start":{"line":23,"column":8},"end":{"line":24,"column":25}}],"line":4},"2":{"loc":{"start":{"line":14,"column":16},"end":{"line":21,"column":17}},"type":"if","locations":[{"start":{"line":14,"column":16},"end":{"line":21,"column":17}},{"start":{"line":14,"column":16},"end":{"line":21,"column":17}}],"line":14}},"s":{"0":1,"1":6,"2":1,"3":2,"4":6,"5":2,"6":6,"7":1,"8":5,"9":1},"f":{"0":6,"1":6,"2":6},"b":{"0":[1],"1":[1,2,2,1],"2":[1,5]},"_coverageSchema":"1a1c01bbd47fc00a2c39e90264f33305004495a9","hash":"0acb5948b53db75868fbd94cfa0cf3bbc25baac3"}
,"D:\\repos\\react-course\\expensify-app\\src\\reducers\\filters.js": {"path":"D:\\repos\\react-course\\expensify-app\\src\\reducers\\filters.js","statementMap":{"0":{"start":{"line":3,"column":35},"end":{"line":8,"column":1}},"1":{"start":{"line":12,"column":4},"end":{"line":41,"column":5}},"2":{"start":{"line":15,"column":12},"end":{"line":18,"column":13}},"3":{"start":{"line":20,"column":12},"end":{"line":23,"column":13}},"4":{"start":{"line":25,"column":12},"end":{"line":28,"column":13}},"5":{"start":{"line":30,"column":12},"end":{"line":33,"column":13}},"6":{"start":{"line":35,"column":12},"end":{"line":38,"column":13}},"7":{"start":{"line":40,"column":12},"end":{"line":40,"column":25}}},"fnMap":{"0":{"name":"(anonymous_0)","decl":{"start":{"line":11,"column":15},"end":{"line":11,"column":16}},"loc":{"start":{"line":11,"column":63},"end":{"line":42,"column":1}},"line":11}},"branchMap":{"0":{"loc":{"start":{"line":11,"column":16},"end":{"line":11,"column":50}},"type":"default-arg","locations":[{"start":{"line":11,"column":24},"end":{"line":11,"column":50}}],"line":11},"1":{"loc":{"start":{"line":12,"column":4},"end":{"line":41,"column":5}},"type":"switch","locations":[{"start":{"line":14,"column":8},"end":{"line":18,"column":13}},{"start":{"line":19,"column":8},"end":{"line":23,"column":13}},{"start":{"line":24,"column":8},"end":{"line":28,"column":13}},{"start":{"line":29,"column":8},"end":{"line":33,"column":13}},{"start":{"line":34,"column":8},"end":{"line":38,"column":13}},{"start":{"line":39,"column":8},"end":{"line":40,"column":25}}],"line":12}},"s":{"0":1,"1":6,"2":1,"3":1,"4":1,"5":1,"6":1,"7":1},"f":{"0":6},"b":{"0":[6],"1":[1,1,1,1,1,1]},"_coverageSchema":"1a1c01bbd47fc00a2c39e90264f33305004495a9","hash":"063c397e3504af8d54ba85001ce58e4b7d71a040"}
,"D:\\repos\\react-course\\expensify-app\\src\\selectors\\expenses.js": {"path":"D:\\repos\\react-course\\expensify-app\\src\\selectors\\expenses.js","statementMap":{"0":{"start":{"line":5,"column":4},"end":{"line":22,"column":6}},"1":{"start":{"line":6,"column":32},"end":{"line":6,"column":57}},"2":{"start":{"line":7,"column":31},"end":{"line":7,"column":98}},"3":{"start":{"line":8,"column":29},"end":{"line":8,"column":91}},"4":{"start":{"line":9,"column":26},"end":{"line":9,"column":88}},"5":{"start":{"line":10,"column":8},"end":{"line":10,"column":59}},"6":{"start":{"line":12,"column":8},"end":{"line":14,"column":9}},"7":{"start":{"line":13,"column":12},"end":{"line":13,"column":54}},"8":{"start":{"line":16,"column":8},"end":{"line":18,"column":9}},"9":{"start":{"line":17,"column":12},"end":{"line":17,"column":48}},"10":{"start":{"line":20,"column":8},"end":{"line":20,"column":17}}},"fnMap":{"0":{"name":"(anonymous_0)","decl":{"start":{"line":4,"column":15},"end":{"line":4,"column":16}},"loc":{"start":{"line":4,"column":67},"end":{"line":23,"column":1}},"line":4},"1":{"name":"(anonymous_1)","decl":{"start":{"line":5,"column":27},"end":{"line":5,"column":28}},"loc":{"start":{"line":5,"column":38},"end":{"line":11,"column":5}},"line":5},"2":{"name":"(anonymous_2)","decl":{"start":{"line":11,"column":12},"end":{"line":11,"column":13}},"loc":{"start":{"line":11,"column":22},"end":{"line":21,"column":5}},"line":11}},"branchMap":{"0":{"loc":{"start":{"line":7,"column":31},"end":{"line":7,"column":98}},"type":"cond-expr","locations":[{"start":{"line":7,"column":43},"end":{"line":7,"column":91}},{"start":{"line":7,"column":94},"end":{"line":7,"column":98}}],"line":7},"1":{"loc":{"start":{"line":8,"column":29},"end":{"line":8,"column":91}},"type":"cond-expr","locations":[{"start":{"line":8,"column":39},"end":{"line":8,"column":84}},{"start":{"line":8,"column":87},"end":{"line":8,"column":91}}],"line":8},"2":{"loc":{"start":{"line":10,"column":15},"end":{"line":10,"column":58}},"type":"binary-expr","locations":[{"start":{"line":10,"column":15},"end":{"line":10,"column":29}},{"start":{"line":10,"column":33},"end":{"line":10,"column":45}},{"start":{"line":10,"column":49},"end":{"line":10,"column":58}}],"line":10},"3":{"loc":{"start":{"line":12,"column":8},"end":{"line":14,"column":9}},"type":"if","locations":[{"start":{"line":12,"column":8},"end":{"line":14,"column":9}},{"start":{"line":12,"column":8},"end":{"line":14,"column":9}}],"line":12},"4":{"loc":{"start":{"line":13,"column":19},"end":{"line":13,"column":53}},"type":"cond-expr","locations":[{"start":{"line":13,"column":47},"end":{"line":13,"column":49}},{"start":{"line":13,"column":52},"end":{"line":13,"column":53}}],"line":13},"5":{"loc":{"start":{"line":16,"column":8},"end":{"line":18,"column":9}},"type":"if","locations":[{"start":{"line":16,"column":8},"end":{"line":18,"column":9}},{"start":{"line":16,"column":8},"end":{"line":18,"column":9}}],"line":16},"6":{"loc":{"start":{"line":17,"column":19},"end":{"line":17,"column":47}},"type":"cond-expr","locations":[{"start":{"line":17,"column":41},"end":{"line":17,"column":43}},{"start":{"line":17,"column":46},"end":{"line":17,"column":47}}],"line":17}},"s":{"0":5,"1":15,"2":15,"3":15,"4":15,"5":15,"6":10,"7":6,"8":4,"9":4,"10":0},"f":{"0":5,"1":15,"2":10},"b":{"0":[3,12],"1":[3,12],"2":[15,14,13],"3":[6,4],"4":[2,4],"5":[4,0],"6":[2,2]},"_coverageSchema":"1a1c01bbd47fc00a2c39e90264f33305004495a9","hash":"80cf6b08a0dc39664054fc7fcb21f1b5e5792856"}
,"D:\\repos\\react-course\\expensify-app\\src\\tests\\fixtures\\expenses.js": {"path":"D:\\repos\\react-course\\expensify-app\\src\\tests\\fixtures\\expenses.js","statementMap":{},"fnMap":{},"branchMap":{},"s":{},"f":{},"b":{},"_coverageSchema":"1a1c01bbd47fc00a2c39e90264f33305004495a9","hash":"bdfd47767ed75f7ff1167a308cd5c1dc49b8523b"}
,"D:\\repos\\react-course\\expensify-app\\src\\tests\\fixtures\\filters.js": {"path":"D:\\repos\\react-course\\expensify-app\\src\\tests\\fixtures\\filters.js","statementMap":{"0":{"start":{"line":3,"column":16},"end":{"line":8,"column":1}},"1":{"start":{"line":10,"column":19},"end":{"line":15,"column":1}}},"fnMap":{},"branchMap":{},"s":{"0":1,"1":1},"f":{},"b":{},"_coverageSchema":"1a1c01bbd47fc00a2c39e90264f33305004495a9","hash":"04b3869d931f205b5ca067ddf8f5658423cbee66"}
}
